[02-01 17:46:28] p51284 {/home/deba/Desktop/CLB/P4Runtime/StatisticsPuller.py:71} INFO - Thread StatisticsPuller: finishing
[02-01 17:46:28] p51284 {Mycontroller.py:68} INFO - New dev is Device(devName='device:ss0', basic=DeviceBasic(management_address='grpc://127.0.0.1:62000?device_id=1', driver=<Driver.BMV2: 'bmv2'>, pipeconf=<Pipeconf.ORG_MEDIANET_DCN_TE_SPINE: 'org.medianet.dcn-te-spine'>, thirftPort='50000'), fabric_device_config=FabricDeviceConfig(my_station_mac='00:dd:00:00:00:00', switch_type=<SwitchType.SUPER_SPINE: 'SuperSpine'>, switch_host_subnet_prefix='2001:1:1:1:0::00/80'))
[02-01 17:46:28] p51284 {Mycontroller.py:68} INFO - New dev is Device(devName='device:p0s0', basic=DeviceBasic(management_address='grpc://127.0.0.1:61000?device_id=1', driver=<Driver.BMV2: 'bmv2'>, pipeconf=<Pipeconf.ORG_MEDIANET_DCN_TE_SPINE: 'org.medianet.dcn-te-spine'>, thirftPort='52000'), fabric_device_config=FabricDeviceConfig(my_station_mac='00:cc:00:00:00:00', switch_type=<SwitchType.SPINE: 'Spine'>, switch_host_subnet_prefix='2001:1:1:1:0:0000::00/96'))
[02-01 17:46:28] p51284 {Mycontroller.py:68} INFO - New dev is Device(devName='device:p0s1', basic=DeviceBasic(management_address='grpc://127.0.0.1:61001?device_id=1', driver=<Driver.BMV2: 'bmv2'>, pipeconf=<Pipeconf.ORG_MEDIANET_DCN_TE_SPINE: 'org.medianet.dcn-te-spine'>, thirftPort='52001'), fabric_device_config=FabricDeviceConfig(my_station_mac='00:cc:00:00:00:01', switch_type=<SwitchType.SPINE: 'Spine'>, switch_host_subnet_prefix='2001:1:1:1:0:0000::00/96'))
[02-01 17:46:28] p51284 {Mycontroller.py:68} INFO - New dev is Device(devName='device:p0s2', basic=DeviceBasic(management_address='grpc://127.0.0.1:61002?device_id=1', driver=<Driver.BMV2: 'bmv2'>, pipeconf=<Pipeconf.ORG_MEDIANET_DCN_TE_SPINE: 'org.medianet.dcn-te-spine'>, thirftPort='52002'), fabric_device_config=FabricDeviceConfig(my_station_mac='00:cc:00:00:00:02', switch_type=<SwitchType.SPINE: 'Spine'>, switch_host_subnet_prefix='2001:1:1:1:0:0000::00/96'))
[02-01 17:46:28] p51284 {Mycontroller.py:68} INFO - New dev is Device(devName='device:p0s3', basic=DeviceBasic(management_address='grpc://127.0.0.1:61003?device_id=1', driver=<Driver.BMV2: 'bmv2'>, pipeconf=<Pipeconf.ORG_MEDIANET_DCN_TE_SPINE: 'org.medianet.dcn-te-spine'>, thirftPort='52003'), fabric_device_config=FabricDeviceConfig(my_station_mac='00:cc:00:00:00:03', switch_type=<SwitchType.SPINE: 'Spine'>, switch_host_subnet_prefix='2001:1:1:1:0:0000::00/96'))
[02-01 17:46:28] p51284 {Mycontroller.py:68} INFO - New dev is Device(devName='device:p0l0', basic=DeviceBasic(management_address='grpc://127.0.0.1:60000?device_id=1', driver=<Driver.BMV2: 'bmv2'>, pipeconf=<Pipeconf.ORG_MEDIANET_DCN_TE_LEAF: 'org.medianet.dcn-te-leaf'>, thirftPort='48000'), fabric_device_config=FabricDeviceConfig(my_station_mac='00:bb:00:00:00:00', switch_type=<SwitchType.LEAF: 'Leaf'>, switch_host_subnet_prefix='2001:1:1:1:0:0000:0000:00/112'))
[02-01 17:46:28] p51284 {Mycontroller.py:68} INFO - New dev is Device(devName='device:p0l1', basic=DeviceBasic(management_address='grpc://127.0.0.1:60001?device_id=1', driver=<Driver.BMV2: 'bmv2'>, pipeconf=<Pipeconf.ORG_MEDIANET_DCN_TE_LEAF: 'org.medianet.dcn-te-leaf'>, thirftPort='48001'), fabric_device_config=FabricDeviceConfig(my_station_mac='00:bb:00:00:00:01', switch_type=<SwitchType.LEAF: 'Leaf'>, switch_host_subnet_prefix='2001:1:1:1:0:0000:0001:00/112'))
[02-01 17:46:28] p51284 {Mycontroller.py:68} INFO - New dev is Device(devName='device:p0l2', basic=DeviceBasic(management_address='grpc://127.0.0.1:60002?device_id=1', driver=<Driver.BMV2: 'bmv2'>, pipeconf=<Pipeconf.ORG_MEDIANET_DCN_TE_LEAF: 'org.medianet.dcn-te-leaf'>, thirftPort='48002'), fabric_device_config=FabricDeviceConfig(my_station_mac='00:bb:00:00:00:02', switch_type=<SwitchType.LEAF: 'Leaf'>, switch_host_subnet_prefix='2001:1:1:1:0:0000:0002:00/112'))
[02-01 17:46:28] p51284 {Mycontroller.py:68} INFO - New dev is Device(devName='device:p0l3', basic=DeviceBasic(management_address='grpc://127.0.0.1:60003?device_id=1', driver=<Driver.BMV2: 'bmv2'>, pipeconf=<Pipeconf.ORG_MEDIANET_DCN_TE_LEAF: 'org.medianet.dcn-te-leaf'>, thirftPort='48003'), fabric_device_config=FabricDeviceConfig(my_station_mac='00:bb:00:00:00:03', switch_type=<SwitchType.LEAF: 'Leaf'>, switch_host_subnet_prefix='2001:1:1:1:0:0000:0003:00/112'))
[02-01 17:46:28] p51284 {Mycontroller.py:76} INFO - New port is Port(interfaces=[BasicElement(name='ss0-1', ips=['2001:1:1:1:0::ff/80'])])
[02-01 17:46:28] p51284 {Mycontroller.py:76} INFO - New port is Port(interfaces=[BasicElement(name='ss0-2', ips=['2001:1:1:1:0::ff/80'])])
[02-01 17:46:28] p51284 {Mycontroller.py:76} INFO - New port is Port(interfaces=[BasicElement(name='ss0-3', ips=['2001:1:1:1:0::ff/80'])])
[02-01 17:46:28] p51284 {Mycontroller.py:76} INFO - New port is Port(interfaces=[BasicElement(name='ss0-4', ips=['2001:1:1:1:0::ff/80'])])
[02-01 17:46:28] p51284 {Mycontroller.py:76} INFO - New port is Port(interfaces=[BasicElement(name='ss0-5', ips=['2001:1:1:1:0::ff/80'])])
[02-01 17:46:28] p51284 {Mycontroller.py:76} INFO - New port is Port(interfaces=[BasicElement(name='ss0-6', ips=['2001:1:1:1:0::ff/80'])])
[02-01 17:46:28] p51284 {Mycontroller.py:76} INFO - New port is Port(interfaces=[BasicElement(name='ss0-7', ips=['2001:1:1:1:0::ff/80'])])
[02-01 17:46:28] p51284 {Mycontroller.py:76} INFO - New port is Port(interfaces=[BasicElement(name='ss0-8', ips=['2001:1:1:1:0::ff/80'])])
[02-01 17:46:28] p51284 {Mycontroller.py:76} INFO - New port is Port(interfaces=[BasicElement(name='p0s0-1', ips=['2001:1:1:1:0:0000::ff/80'])])
[02-01 17:46:28] p51284 {Mycontroller.py:76} INFO - New port is Port(interfaces=[BasicElement(name='p0s0-2', ips=['2001:1:1:1:0:0000::ff/80'])])
[02-01 17:46:28] p51284 {Mycontroller.py:76} INFO - New port is Port(interfaces=[BasicElement(name='p0s0-3', ips=['2001:1:1:1:0:0000::ff/80'])])
[02-01 17:46:28] p51284 {Mycontroller.py:76} INFO - New port is Port(interfaces=[BasicElement(name='p0s0-4', ips=['2001:1:1:1:0:0000::ff/80'])])
[02-01 17:46:28] p51284 {Mycontroller.py:76} INFO - New port is Port(interfaces=[BasicElement(name='p0s0-5', ips=['2001:1:1:1:0:0000::ff/80'])])
[02-01 17:46:28] p51284 {Mycontroller.py:76} INFO - New port is Port(interfaces=[BasicElement(name='p0s0-6', ips=['2001:1:1:1:0:0000::ff/80'])])
[02-01 17:46:28] p51284 {Mycontroller.py:76} INFO - New port is Port(interfaces=[BasicElement(name='p0s0-7', ips=['2001:1:1:1:0:0000::ff/80'])])
[02-01 17:46:28] p51284 {Mycontroller.py:76} INFO - New port is Port(interfaces=[BasicElement(name='p0s0-8', ips=['2001:1:1:1:0:0000::ff/80'])])
[02-01 17:46:28] p51284 {Mycontroller.py:76} INFO - New port is Port(interfaces=[BasicElement(name='p0s1-1', ips=['2001:1:1:1:0:0000::ff/80'])])
[02-01 17:46:28] p51284 {Mycontroller.py:76} INFO - New port is Port(interfaces=[BasicElement(name='p0s1-2', ips=['2001:1:1:1:0:0000::ff/80'])])
[02-01 17:46:28] p51284 {Mycontroller.py:76} INFO - New port is Port(interfaces=[BasicElement(name='p0s1-3', ips=['2001:1:1:1:0:0000::ff/80'])])
[02-01 17:46:28] p51284 {Mycontroller.py:76} INFO - New port is Port(interfaces=[BasicElement(name='p0s1-4', ips=['2001:1:1:1:0:0000::ff/80'])])
[02-01 17:46:28] p51284 {Mycontroller.py:76} INFO - New port is Port(interfaces=[BasicElement(name='p0s1-5', ips=['2001:1:1:1:0:0000::ff/80'])])
[02-01 17:46:28] p51284 {Mycontroller.py:76} INFO - New port is Port(interfaces=[BasicElement(name='p0s1-6', ips=['2001:1:1:1:0:0000::ff/80'])])
[02-01 17:46:28] p51284 {Mycontroller.py:76} INFO - New port is Port(interfaces=[BasicElement(name='p0s1-7', ips=['2001:1:1:1:0:0000::ff/80'])])
[02-01 17:46:28] p51284 {Mycontroller.py:76} INFO - New port is Port(interfaces=[BasicElement(name='p0s1-8', ips=['2001:1:1:1:0:0000::ff/80'])])
[02-01 17:46:28] p51284 {Mycontroller.py:76} INFO - New port is Port(interfaces=[BasicElement(name='p0s2-1', ips=['2001:1:1:1:0:0000::ff/80'])])
[02-01 17:46:28] p51284 {Mycontroller.py:76} INFO - New port is Port(interfaces=[BasicElement(name='p0s2-2', ips=['2001:1:1:1:0:0000::ff/80'])])
[02-01 17:46:28] p51284 {Mycontroller.py:76} INFO - New port is Port(interfaces=[BasicElement(name='p0s2-3', ips=['2001:1:1:1:0:0000::ff/80'])])
[02-01 17:46:28] p51284 {Mycontroller.py:76} INFO - New port is Port(interfaces=[BasicElement(name='p0s2-4', ips=['2001:1:1:1:0:0000::ff/80'])])
[02-01 17:46:28] p51284 {Mycontroller.py:76} INFO - New port is Port(interfaces=[BasicElement(name='p0s2-5', ips=['2001:1:1:1:0:0000::ff/80'])])
[02-01 17:46:28] p51284 {Mycontroller.py:76} INFO - New port is Port(interfaces=[BasicElement(name='p0s2-6', ips=['2001:1:1:1:0:0000::ff/80'])])
[02-01 17:46:28] p51284 {Mycontroller.py:76} INFO - New port is Port(interfaces=[BasicElement(name='p0s2-7', ips=['2001:1:1:1:0:0000::ff/80'])])
[02-01 17:46:28] p51284 {Mycontroller.py:76} INFO - New port is Port(interfaces=[BasicElement(name='p0s2-8', ips=['2001:1:1:1:0:0000::ff/80'])])
[02-01 17:46:28] p51284 {Mycontroller.py:76} INFO - New port is Port(interfaces=[BasicElement(name='p0s3-1', ips=['2001:1:1:1:0:0000::ff/80'])])
[02-01 17:46:28] p51284 {Mycontroller.py:76} INFO - New port is Port(interfaces=[BasicElement(name='p0s3-2', ips=['2001:1:1:1:0:0000::ff/80'])])
[02-01 17:46:28] p51284 {Mycontroller.py:76} INFO - New port is Port(interfaces=[BasicElement(name='p0s3-3', ips=['2001:1:1:1:0:0000::ff/80'])])
[02-01 17:46:28] p51284 {Mycontroller.py:76} INFO - New port is Port(interfaces=[BasicElement(name='p0s3-4', ips=['2001:1:1:1:0:0000::ff/80'])])
[02-01 17:46:28] p51284 {Mycontroller.py:76} INFO - New port is Port(interfaces=[BasicElement(name='p0s3-5', ips=['2001:1:1:1:0:0000::ff/80'])])
[02-01 17:46:28] p51284 {Mycontroller.py:76} INFO - New port is Port(interfaces=[BasicElement(name='p0s3-6', ips=['2001:1:1:1:0:0000::ff/80'])])
[02-01 17:46:28] p51284 {Mycontroller.py:76} INFO - New port is Port(interfaces=[BasicElement(name='p0s3-7', ips=['2001:1:1:1:0:0000::ff/80'])])
[02-01 17:46:28] p51284 {Mycontroller.py:76} INFO - New port is Port(interfaces=[BasicElement(name='p0s3-8', ips=['2001:1:1:1:0:0000::ff/80'])])
[02-01 17:46:28] p51284 {Mycontroller.py:76} INFO - New port is Port(interfaces=[BasicElement(name='p0l0-1', ips=['2001:1:1:1:0:0000:0000:ff/80'])])
[02-01 17:46:28] p51284 {Mycontroller.py:76} INFO - New port is Port(interfaces=[BasicElement(name='p0l0-2', ips=['2001:1:1:1:0:0000:0000:ff/80'])])
[02-01 17:46:28] p51284 {Mycontroller.py:76} INFO - New port is Port(interfaces=[BasicElement(name='p0l0-3', ips=['2001:1:1:1:0:0000:0000:ff/80'])])
[02-01 17:46:28] p51284 {Mycontroller.py:76} INFO - New port is Port(interfaces=[BasicElement(name='p0l0-4', ips=['2001:1:1:1:0:0000:0000:ff/80'])])
[02-01 17:46:28] p51284 {Mycontroller.py:76} INFO - New port is Port(interfaces=[BasicElement(name='p0l0-5', ips=['2001:1:1:1:0:0000:0000:ff/80'])])
[02-01 17:46:28] p51284 {Mycontroller.py:76} INFO - New port is Port(interfaces=[BasicElement(name='p0l0-6', ips=['2001:1:1:1:0:0000:0000:ff/80'])])
[02-01 17:46:28] p51284 {Mycontroller.py:76} INFO - New port is Port(interfaces=[BasicElement(name='p0l0-7', ips=['2001:1:1:1:0:0000:0000:ff/80'])])
[02-01 17:46:28] p51284 {Mycontroller.py:76} INFO - New port is Port(interfaces=[BasicElement(name='p0l0-8', ips=['2001:1:1:1:0:0000:0000:ff/80'])])
[02-01 17:46:28] p51284 {Mycontroller.py:76} INFO - New port is Port(interfaces=[BasicElement(name='p0l1-1', ips=['2001:1:1:1:0:0000:0001:ff/80'])])
[02-01 17:46:28] p51284 {Mycontroller.py:76} INFO - New port is Port(interfaces=[BasicElement(name='p0l1-2', ips=['2001:1:1:1:0:0000:0001:ff/80'])])
[02-01 17:46:28] p51284 {Mycontroller.py:76} INFO - New port is Port(interfaces=[BasicElement(name='p0l1-3', ips=['2001:1:1:1:0:0000:0001:ff/80'])])
[02-01 17:46:28] p51284 {Mycontroller.py:76} INFO - New port is Port(interfaces=[BasicElement(name='p0l1-4', ips=['2001:1:1:1:0:0000:0001:ff/80'])])
[02-01 17:46:28] p51284 {Mycontroller.py:76} INFO - New port is Port(interfaces=[BasicElement(name='p0l1-5', ips=['2001:1:1:1:0:0000:0001:ff/80'])])
[02-01 17:46:28] p51284 {Mycontroller.py:76} INFO - New port is Port(interfaces=[BasicElement(name='p0l1-6', ips=['2001:1:1:1:0:0000:0001:ff/80'])])
[02-01 17:46:28] p51284 {Mycontroller.py:76} INFO - New port is Port(interfaces=[BasicElement(name='p0l1-7', ips=['2001:1:1:1:0:0000:0001:ff/80'])])
[02-01 17:46:28] p51284 {Mycontroller.py:76} INFO - New port is Port(interfaces=[BasicElement(name='p0l1-8', ips=['2001:1:1:1:0:0000:0001:ff/80'])])
[02-01 17:46:28] p51284 {Mycontroller.py:76} INFO - New port is Port(interfaces=[BasicElement(name='p0l2-1', ips=['2001:1:1:1:0:0000:0002:ff/80'])])
[02-01 17:46:28] p51284 {Mycontroller.py:76} INFO - New port is Port(interfaces=[BasicElement(name='p0l2-2', ips=['2001:1:1:1:0:0000:0002:ff/80'])])
[02-01 17:46:28] p51284 {Mycontroller.py:76} INFO - New port is Port(interfaces=[BasicElement(name='p0l2-3', ips=['2001:1:1:1:0:0000:0002:ff/80'])])
[02-01 17:46:28] p51284 {Mycontroller.py:76} INFO - New port is Port(interfaces=[BasicElement(name='p0l2-4', ips=['2001:1:1:1:0:0000:0002:ff/80'])])
[02-01 17:46:28] p51284 {Mycontroller.py:76} INFO - New port is Port(interfaces=[BasicElement(name='p0l2-5', ips=['2001:1:1:1:0:0000:0002:ff/80'])])
[02-01 17:46:28] p51284 {Mycontroller.py:76} INFO - New port is Port(interfaces=[BasicElement(name='p0l2-6', ips=['2001:1:1:1:0:0000:0002:ff/80'])])
[02-01 17:46:28] p51284 {Mycontroller.py:76} INFO - New port is Port(interfaces=[BasicElement(name='p0l2-7', ips=['2001:1:1:1:0:0000:0002:ff/80'])])
[02-01 17:46:28] p51284 {Mycontroller.py:76} INFO - New port is Port(interfaces=[BasicElement(name='p0l2-8', ips=['2001:1:1:1:0:0000:0002:ff/80'])])
[02-01 17:46:28] p51284 {Mycontroller.py:76} INFO - New port is Port(interfaces=[BasicElement(name='p0l3-1', ips=['2001:1:1:1:0:0000:0003:ff/80'])])
[02-01 17:46:28] p51284 {Mycontroller.py:76} INFO - New port is Port(interfaces=[BasicElement(name='p0l3-2', ips=['2001:1:1:1:0:0000:0003:ff/80'])])
[02-01 17:46:28] p51284 {Mycontroller.py:76} INFO - New port is Port(interfaces=[BasicElement(name='p0l3-3', ips=['2001:1:1:1:0:0000:0003:ff/80'])])
[02-01 17:46:28] p51284 {Mycontroller.py:76} INFO - New port is Port(interfaces=[BasicElement(name='p0l3-4', ips=['2001:1:1:1:0:0000:0003:ff/80'])])
[02-01 17:46:28] p51284 {Mycontroller.py:76} INFO - New port is Port(interfaces=[BasicElement(name='p0l3-5', ips=['2001:1:1:1:0:0000:0003:ff/80'])])
[02-01 17:46:28] p51284 {Mycontroller.py:76} INFO - New port is Port(interfaces=[BasicElement(name='p0l3-6', ips=['2001:1:1:1:0:0000:0003:ff/80'])])
[02-01 17:46:28] p51284 {Mycontroller.py:76} INFO - New port is Port(interfaces=[BasicElement(name='p0l3-7', ips=['2001:1:1:1:0:0000:0003:ff/80'])])
[02-01 17:46:28] p51284 {Mycontroller.py:76} INFO - New port is Port(interfaces=[BasicElement(name='p0l3-8', ips=['2001:1:1:1:0:0000:0003:ff/80'])])
[02-01 17:46:28] p51284 {Mycontroller.py:81} INFO - New host is Host(hostName='h0p0l0', basic=BasicElement(name='h0p0l0', ips=['2001:1:1:1:0:0000:0000:0000']), fabric_host_config=FabricHostConfig(mac='00:00:aa:00:00:00', location='p0l0/1'))
[02-01 17:46:28] p51284 {Mycontroller.py:81} INFO - New host is Host(hostName='h1p0l0', basic=BasicElement(name='h1p0l0', ips=['2001:1:1:1:0:0000:0000:0001']), fabric_host_config=FabricHostConfig(mac='00:00:aa:00:00:01', location='p0l0/2'))
[02-01 17:46:28] p51284 {Mycontroller.py:81} INFO - New host is Host(hostName='h2p0l0', basic=BasicElement(name='h2p0l0', ips=['2001:1:1:1:0:0000:0000:0002']), fabric_host_config=FabricHostConfig(mac='00:00:aa:00:00:02', location='p0l0/3'))
[02-01 17:46:28] p51284 {Mycontroller.py:81} INFO - New host is Host(hostName='h3p0l0', basic=BasicElement(name='h3p0l0', ips=['2001:1:1:1:0:0000:0000:0003']), fabric_host_config=FabricHostConfig(mac='00:00:aa:00:00:03', location='p0l0/4'))
[02-01 17:46:28] p51284 {Mycontroller.py:81} INFO - New host is Host(hostName='h0p0l1', basic=BasicElement(name='h0p0l1', ips=['2001:1:1:1:0:0000:0001:0000']), fabric_host_config=FabricHostConfig(mac='00:00:aa:00:01:00', location='p0l1/1'))
[02-01 17:46:28] p51284 {Mycontroller.py:81} INFO - New host is Host(hostName='h1p0l1', basic=BasicElement(name='h1p0l1', ips=['2001:1:1:1:0:0000:0001:0001']), fabric_host_config=FabricHostConfig(mac='00:00:aa:00:01:01', location='p0l1/2'))
[02-01 17:46:28] p51284 {Mycontroller.py:81} INFO - New host is Host(hostName='h2p0l1', basic=BasicElement(name='h2p0l1', ips=['2001:1:1:1:0:0000:0001:0002']), fabric_host_config=FabricHostConfig(mac='00:00:aa:00:01:02', location='p0l1/3'))
[02-01 17:46:28] p51284 {Mycontroller.py:81} INFO - New host is Host(hostName='h3p0l1', basic=BasicElement(name='h3p0l1', ips=['2001:1:1:1:0:0000:0001:0003']), fabric_host_config=FabricHostConfig(mac='00:00:aa:00:01:03', location='p0l1/4'))
[02-01 17:46:28] p51284 {Mycontroller.py:81} INFO - New host is Host(hostName='h0p0l2', basic=BasicElement(name='h0p0l2', ips=['2001:1:1:1:0:0000:0002:0000']), fabric_host_config=FabricHostConfig(mac='00:00:aa:00:02:00', location='p0l2/1'))
[02-01 17:46:28] p51284 {Mycontroller.py:81} INFO - New host is Host(hostName='h1p0l2', basic=BasicElement(name='h1p0l2', ips=['2001:1:1:1:0:0000:0002:0001']), fabric_host_config=FabricHostConfig(mac='00:00:aa:00:02:01', location='p0l2/2'))
[02-01 17:46:28] p51284 {Mycontroller.py:81} INFO - New host is Host(hostName='h2p0l2', basic=BasicElement(name='h2p0l2', ips=['2001:1:1:1:0:0000:0002:0002']), fabric_host_config=FabricHostConfig(mac='00:00:aa:00:02:02', location='p0l2/3'))
[02-01 17:46:28] p51284 {Mycontroller.py:81} INFO - New host is Host(hostName='h3p0l2', basic=BasicElement(name='h3p0l2', ips=['2001:1:1:1:0:0000:0002:0003']), fabric_host_config=FabricHostConfig(mac='00:00:aa:00:02:03', location='p0l2/4'))
[02-01 17:46:28] p51284 {Mycontroller.py:81} INFO - New host is Host(hostName='h0p0l3', basic=BasicElement(name='h0p0l3', ips=['2001:1:1:1:0:0000:0003:0000']), fabric_host_config=FabricHostConfig(mac='00:00:aa:00:03:00', location='p0l3/1'))
[02-01 17:46:28] p51284 {Mycontroller.py:81} INFO - New host is Host(hostName='h1p0l3', basic=BasicElement(name='h1p0l3', ips=['2001:1:1:1:0:0000:0003:0001']), fabric_host_config=FabricHostConfig(mac='00:00:aa:00:03:01', location='p0l3/2'))
[02-01 17:46:28] p51284 {Mycontroller.py:81} INFO - New host is Host(hostName='h2p0l3', basic=BasicElement(name='h2p0l3', ips=['2001:1:1:1:0:0000:0003:0002']), fabric_host_config=FabricHostConfig(mac='00:00:aa:00:03:02', location='p0l3/3'))
[02-01 17:46:28] p51284 {Mycontroller.py:81} INFO - New host is Host(hostName='h3p0l3', basic=BasicElement(name='h3p0l3', ips=['2001:1:1:1:0:0000:0003:0003']), fabric_host_config=FabricHostConfig(mac='00:00:aa:00:03:03', location='p0l3/4'))
[02-01 17:46:28] p51284 {Mycontroller.py:84} INFO - Attching :Link is Link(node1='h0p0l0', node2='p0l0', port2=1, bw=1000, port1=0)
[02-01 17:46:28] p51284 {Mycontroller.py:86} INFO - Attching link from reverse direction:Link is Link(node1='h0p0l0', node2='p0l0', port2=1, bw=1000, port1=0)
[02-01 17:46:28] p51284 {Mycontroller.py:84} INFO - Attching :Link is Link(node1='h0p0l1', node2='p0l1', port2=1, bw=1000, port1=0)
[02-01 17:46:28] p51284 {Mycontroller.py:86} INFO - Attching link from reverse direction:Link is Link(node1='h0p0l1', node2='p0l1', port2=1, bw=1000, port1=0)
[02-01 17:46:28] p51284 {Mycontroller.py:84} INFO - Attching :Link is Link(node1='h0p0l2', node2='p0l2', port2=1, bw=1000, port1=0)
[02-01 17:46:28] p51284 {Mycontroller.py:86} INFO - Attching link from reverse direction:Link is Link(node1='h0p0l2', node2='p0l2', port2=1, bw=1000, port1=0)
[02-01 17:46:28] p51284 {Mycontroller.py:84} INFO - Attching :Link is Link(node1='h0p0l3', node2='p0l3', port2=1, bw=1000, port1=0)
[02-01 17:46:28] p51284 {Mycontroller.py:86} INFO - Attching link from reverse direction:Link is Link(node1='h0p0l3', node2='p0l3', port2=1, bw=1000, port1=0)
[02-01 17:46:28] p51284 {Mycontroller.py:84} INFO - Attching :Link is Link(node1='h1p0l0', node2='p0l0', port2=2, bw=1000, port1=0)
[02-01 17:46:28] p51284 {Mycontroller.py:86} INFO - Attching link from reverse direction:Link is Link(node1='h1p0l0', node2='p0l0', port2=2, bw=1000, port1=0)
[02-01 17:46:28] p51284 {Mycontroller.py:84} INFO - Attching :Link is Link(node1='h1p0l1', node2='p0l1', port2=2, bw=1000, port1=0)
[02-01 17:46:28] p51284 {Mycontroller.py:86} INFO - Attching link from reverse direction:Link is Link(node1='h1p0l1', node2='p0l1', port2=2, bw=1000, port1=0)
[02-01 17:46:28] p51284 {Mycontroller.py:84} INFO - Attching :Link is Link(node1='h1p0l2', node2='p0l2', port2=2, bw=1000, port1=0)
[02-01 17:46:28] p51284 {Mycontroller.py:86} INFO - Attching link from reverse direction:Link is Link(node1='h1p0l2', node2='p0l2', port2=2, bw=1000, port1=0)
[02-01 17:46:28] p51284 {Mycontroller.py:84} INFO - Attching :Link is Link(node1='h1p0l3', node2='p0l3', port2=2, bw=1000, port1=0)
[02-01 17:46:28] p51284 {Mycontroller.py:86} INFO - Attching link from reverse direction:Link is Link(node1='h1p0l3', node2='p0l3', port2=2, bw=1000, port1=0)
[02-01 17:46:28] p51284 {Mycontroller.py:84} INFO - Attching :Link is Link(node1='h2p0l0', node2='p0l0', port2=3, bw=1000, port1=0)
[02-01 17:46:28] p51284 {Mycontroller.py:86} INFO - Attching link from reverse direction:Link is Link(node1='h2p0l0', node2='p0l0', port2=3, bw=1000, port1=0)
[02-01 17:46:28] p51284 {Mycontroller.py:84} INFO - Attching :Link is Link(node1='h2p0l1', node2='p0l1', port2=3, bw=1000, port1=0)
[02-01 17:46:28] p51284 {Mycontroller.py:86} INFO - Attching link from reverse direction:Link is Link(node1='h2p0l1', node2='p0l1', port2=3, bw=1000, port1=0)
[02-01 17:46:28] p51284 {Mycontroller.py:84} INFO - Attching :Link is Link(node1='h2p0l2', node2='p0l2', port2=3, bw=1000, port1=0)
[02-01 17:46:28] p51284 {Mycontroller.py:86} INFO - Attching link from reverse direction:Link is Link(node1='h2p0l2', node2='p0l2', port2=3, bw=1000, port1=0)
[02-01 17:46:28] p51284 {Mycontroller.py:84} INFO - Attching :Link is Link(node1='h2p0l3', node2='p0l3', port2=3, bw=1000, port1=0)
[02-01 17:46:28] p51284 {Mycontroller.py:86} INFO - Attching link from reverse direction:Link is Link(node1='h2p0l3', node2='p0l3', port2=3, bw=1000, port1=0)
[02-01 17:46:28] p51284 {Mycontroller.py:84} INFO - Attching :Link is Link(node1='h3p0l0', node2='p0l0', port2=4, bw=1000, port1=0)
[02-01 17:46:28] p51284 {Mycontroller.py:86} INFO - Attching link from reverse direction:Link is Link(node1='h3p0l0', node2='p0l0', port2=4, bw=1000, port1=0)
[02-01 17:46:28] p51284 {Mycontroller.py:84} INFO - Attching :Link is Link(node1='h3p0l1', node2='p0l1', port2=4, bw=1000, port1=0)
[02-01 17:46:28] p51284 {Mycontroller.py:86} INFO - Attching link from reverse direction:Link is Link(node1='h3p0l1', node2='p0l1', port2=4, bw=1000, port1=0)
[02-01 17:46:28] p51284 {Mycontroller.py:84} INFO - Attching :Link is Link(node1='h3p0l2', node2='p0l2', port2=4, bw=1000, port1=0)
[02-01 17:46:28] p51284 {Mycontroller.py:86} INFO - Attching link from reverse direction:Link is Link(node1='h3p0l2', node2='p0l2', port2=4, bw=1000, port1=0)
[02-01 17:46:28] p51284 {Mycontroller.py:84} INFO - Attching :Link is Link(node1='h3p0l3', node2='p0l3', port2=4, bw=1000, port1=0)
[02-01 17:46:28] p51284 {Mycontroller.py:86} INFO - Attching link from reverse direction:Link is Link(node1='h3p0l3', node2='p0l3', port2=4, bw=1000, port1=0)
[02-01 17:46:28] p51284 {Mycontroller.py:84} INFO - Attching :Link is Link(node1='p0s0', node2='p0l0', port2=5, bw=1000, port1=1)
[02-01 17:46:28] p51284 {Mycontroller.py:86} INFO - Attching link from reverse direction:Link is Link(node1='p0s0', node2='p0l0', port2=5, bw=1000, port1=1)
[02-01 17:46:28] p51284 {Mycontroller.py:84} INFO - Attching :Link is Link(node1='p0s0', node2='p0l1', port2=5, bw=1000, port1=2)
[02-01 17:46:28] p51284 {Mycontroller.py:86} INFO - Attching link from reverse direction:Link is Link(node1='p0s0', node2='p0l1', port2=5, bw=1000, port1=2)
[02-01 17:46:28] p51284 {Mycontroller.py:84} INFO - Attching :Link is Link(node1='p0s0', node2='p0l2', port2=5, bw=1000, port1=3)
[02-01 17:46:28] p51284 {Mycontroller.py:86} INFO - Attching link from reverse direction:Link is Link(node1='p0s0', node2='p0l2', port2=5, bw=1000, port1=3)
[02-01 17:46:28] p51284 {Mycontroller.py:84} INFO - Attching :Link is Link(node1='p0s0', node2='p0l3', port2=5, bw=1000, port1=4)
[02-01 17:46:28] p51284 {Mycontroller.py:86} INFO - Attching link from reverse direction:Link is Link(node1='p0s0', node2='p0l3', port2=5, bw=1000, port1=4)
[02-01 17:46:28] p51284 {Mycontroller.py:84} INFO - Attching :Link is Link(node1='p0s1', node2='p0l0', port2=6, bw=1000, port1=1)
[02-01 17:46:28] p51284 {Mycontroller.py:86} INFO - Attching link from reverse direction:Link is Link(node1='p0s1', node2='p0l0', port2=6, bw=1000, port1=1)
[02-01 17:46:28] p51284 {Mycontroller.py:84} INFO - Attching :Link is Link(node1='p0s1', node2='p0l1', port2=6, bw=1000, port1=2)
[02-01 17:46:28] p51284 {Mycontroller.py:86} INFO - Attching link from reverse direction:Link is Link(node1='p0s1', node2='p0l1', port2=6, bw=1000, port1=2)
[02-01 17:46:28] p51284 {Mycontroller.py:84} INFO - Attching :Link is Link(node1='p0s1', node2='p0l2', port2=6, bw=1000, port1=3)
[02-01 17:46:28] p51284 {Mycontroller.py:86} INFO - Attching link from reverse direction:Link is Link(node1='p0s1', node2='p0l2', port2=6, bw=1000, port1=3)
[02-01 17:46:28] p51284 {Mycontroller.py:84} INFO - Attching :Link is Link(node1='p0s1', node2='p0l3', port2=6, bw=1000, port1=4)
[02-01 17:46:28] p51284 {Mycontroller.py:86} INFO - Attching link from reverse direction:Link is Link(node1='p0s1', node2='p0l3', port2=6, bw=1000, port1=4)
[02-01 17:46:28] p51284 {Mycontroller.py:84} INFO - Attching :Link is Link(node1='p0s2', node2='p0l0', port2=7, bw=1000, port1=1)
[02-01 17:46:28] p51284 {Mycontroller.py:86} INFO - Attching link from reverse direction:Link is Link(node1='p0s2', node2='p0l0', port2=7, bw=1000, port1=1)
[02-01 17:46:28] p51284 {Mycontroller.py:84} INFO - Attching :Link is Link(node1='p0s2', node2='p0l1', port2=7, bw=1000, port1=2)
[02-01 17:46:28] p51284 {Mycontroller.py:86} INFO - Attching link from reverse direction:Link is Link(node1='p0s2', node2='p0l1', port2=7, bw=1000, port1=2)
[02-01 17:46:28] p51284 {Mycontroller.py:84} INFO - Attching :Link is Link(node1='p0s2', node2='p0l2', port2=7, bw=1000, port1=3)
[02-01 17:46:28] p51284 {Mycontroller.py:86} INFO - Attching link from reverse direction:Link is Link(node1='p0s2', node2='p0l2', port2=7, bw=1000, port1=3)
[02-01 17:46:28] p51284 {Mycontroller.py:84} INFO - Attching :Link is Link(node1='p0s2', node2='p0l3', port2=7, bw=1000, port1=4)
[02-01 17:46:28] p51284 {Mycontroller.py:86} INFO - Attching link from reverse direction:Link is Link(node1='p0s2', node2='p0l3', port2=7, bw=1000, port1=4)
[02-01 17:46:28] p51284 {Mycontroller.py:84} INFO - Attching :Link is Link(node1='p0s3', node2='p0l0', port2=8, bw=1000, port1=1)
[02-01 17:46:28] p51284 {Mycontroller.py:86} INFO - Attching link from reverse direction:Link is Link(node1='p0s3', node2='p0l0', port2=8, bw=1000, port1=1)
[02-01 17:46:28] p51284 {Mycontroller.py:84} INFO - Attching :Link is Link(node1='p0s3', node2='p0l1', port2=8, bw=1000, port1=2)
[02-01 17:46:28] p51284 {Mycontroller.py:86} INFO - Attching link from reverse direction:Link is Link(node1='p0s3', node2='p0l1', port2=8, bw=1000, port1=2)
[02-01 17:46:28] p51284 {Mycontroller.py:84} INFO - Attching :Link is Link(node1='p0s3', node2='p0l2', port2=8, bw=1000, port1=3)
[02-01 17:46:28] p51284 {Mycontroller.py:86} INFO - Attching link from reverse direction:Link is Link(node1='p0s3', node2='p0l2', port2=8, bw=1000, port1=3)
[02-01 17:46:28] p51284 {Mycontroller.py:84} INFO - Attching :Link is Link(node1='p0s3', node2='p0l3', port2=8, bw=1000, port1=4)
[02-01 17:46:28] p51284 {Mycontroller.py:86} INFO - Attching link from reverse direction:Link is Link(node1='p0s3', node2='p0l3', port2=8, bw=1000, port1=4)
[02-01 17:46:28] p51284 {Mycontroller.py:89} INFO - Finished reading and loading cfg
[02-01 17:46:28] p51284 {Mycontroller.py:159} INFO - Setting up Queue rate for all switch. This is equavalent to setup line rate setup in bmv2 devices
[02-01 17:46:28] p51284 {/home/deba/Desktop/CLB/P4Runtime/superSpineSwitchUtils.py:47} INFO - Executing queue rate and depth setup commmand for device Device(devName='device:ss0', basic=DeviceBasic(management_address='grpc://127.0.0.1:62000?device_id=1', driver=<Driver.BMV2: 'bmv2'>, pipeconf=<Pipeconf.ORG_MEDIANET_DCN_TE_SPINE: 'org.medianet.dcn-te-spine'>, thirftPort='50000'), fabric_device_config=FabricDeviceConfig(my_station_mac='00:dd:00:00:00:00', switch_type=<SwitchType.SUPER_SPINE: 'SuperSpine'>, switch_host_subnet_prefix='2001:1:1:1:0::00/80'))
[02-01 17:46:28] p51284 {/home/deba/Desktop/CLB/P4Runtime/superSpineSwitchUtils.py:48} INFO - command is: 
[02-01 17:46:29] p51284 {Mycontroller.py:159} INFO - Setting up Queue rate for all switch. This is equavalent to setup line rate setup in bmv2 devices
[02-01 17:46:30] p51284 {/home/deba/Desktop/CLB/P4Runtime/spineSwitchUtils.py:66} INFO - Executing queue rate and depth setup commmand for device Device(devName='device:p0s0', basic=DeviceBasic(management_address='grpc://127.0.0.1:61000?device_id=1', driver=<Driver.BMV2: 'bmv2'>, pipeconf=<Pipeconf.ORG_MEDIANET_DCN_TE_SPINE: 'org.medianet.dcn-te-spine'>, thirftPort='52000'), fabric_device_config=FabricDeviceConfig(my_station_mac='00:cc:00:00:00:00', switch_type=<SwitchType.SPINE: 'Spine'>, switch_host_subnet_prefix='2001:1:1:1:0:0000::00/96'))
[02-01 17:46:30] p51284 {Mycontroller.py:159} INFO - Setting up Queue rate for all switch. This is equavalent to setup line rate setup in bmv2 devices
[02-01 17:46:31] p51284 {/home/deba/Desktop/CLB/P4Runtime/spineSwitchUtils.py:66} INFO - Executing queue rate and depth setup commmand for device Device(devName='device:p0s1', basic=DeviceBasic(management_address='grpc://127.0.0.1:61001?device_id=1', driver=<Driver.BMV2: 'bmv2'>, pipeconf=<Pipeconf.ORG_MEDIANET_DCN_TE_SPINE: 'org.medianet.dcn-te-spine'>, thirftPort='52001'), fabric_device_config=FabricDeviceConfig(my_station_mac='00:cc:00:00:00:01', switch_type=<SwitchType.SPINE: 'Spine'>, switch_host_subnet_prefix='2001:1:1:1:0:0000::00/96'))
[02-01 17:46:32] p51284 {Mycontroller.py:159} INFO - Setting up Queue rate for all switch. This is equavalent to setup line rate setup in bmv2 devices
[02-01 17:46:32] p51284 {/home/deba/Desktop/CLB/P4Runtime/spineSwitchUtils.py:66} INFO - Executing queue rate and depth setup commmand for device Device(devName='device:p0s2', basic=DeviceBasic(management_address='grpc://127.0.0.1:61002?device_id=1', driver=<Driver.BMV2: 'bmv2'>, pipeconf=<Pipeconf.ORG_MEDIANET_DCN_TE_SPINE: 'org.medianet.dcn-te-spine'>, thirftPort='52002'), fabric_device_config=FabricDeviceConfig(my_station_mac='00:cc:00:00:00:02', switch_type=<SwitchType.SPINE: 'Spine'>, switch_host_subnet_prefix='2001:1:1:1:0:0000::00/96'))
[02-01 17:46:33] p51284 {Mycontroller.py:159} INFO - Setting up Queue rate for all switch. This is equavalent to setup line rate setup in bmv2 devices
[02-01 17:46:34] p51284 {/home/deba/Desktop/CLB/P4Runtime/spineSwitchUtils.py:66} INFO - Executing queue rate and depth setup commmand for device Device(devName='device:p0s3', basic=DeviceBasic(management_address='grpc://127.0.0.1:61003?device_id=1', driver=<Driver.BMV2: 'bmv2'>, pipeconf=<Pipeconf.ORG_MEDIANET_DCN_TE_SPINE: 'org.medianet.dcn-te-spine'>, thirftPort='52003'), fabric_device_config=FabricDeviceConfig(my_station_mac='00:cc:00:00:00:03', switch_type=<SwitchType.SPINE: 'Spine'>, switch_host_subnet_prefix='2001:1:1:1:0:0000::00/96'))
[02-01 17:46:34] p51284 {Mycontroller.py:159} INFO - Setting up Queue rate for all switch. This is equavalent to setup line rate setup in bmv2 devices
[02-01 17:46:36] p51284 {/home/deba/Desktop/CLB/P4Runtime/leafSwitchUtils.py:135} INFO - Executing queuerate and depth setup commmand for device Device(devName='device:p0l0', basic=DeviceBasic(management_address='grpc://127.0.0.1:60000?device_id=1', driver=<Driver.BMV2: 'bmv2'>, pipeconf=<Pipeconf.ORG_MEDIANET_DCN_TE_LEAF: 'org.medianet.dcn-te-leaf'>, thirftPort='48000'), fabric_device_config=FabricDeviceConfig(my_station_mac='00:bb:00:00:00:00', switch_type=<SwitchType.LEAF: 'Leaf'>, switch_host_subnet_prefix='2001:1:1:1:0:0000:0000:00/112'))
[02-01 17:46:36] p51284 {/home/deba/Desktop/CLB/P4Runtime/leafSwitchUtils.py:136} INFO - command is: set_queue_depth 900 8

[02-01 17:46:37] p51284 {Mycontroller.py:159} INFO - Setting up Queue rate for all switch. This is equavalent to setup line rate setup in bmv2 devices
[02-01 17:46:38] p51284 {/home/deba/Desktop/CLB/P4Runtime/leafSwitchUtils.py:135} INFO - Executing queuerate and depth setup commmand for device Device(devName='device:p0l1', basic=DeviceBasic(management_address='grpc://127.0.0.1:60001?device_id=1', driver=<Driver.BMV2: 'bmv2'>, pipeconf=<Pipeconf.ORG_MEDIANET_DCN_TE_LEAF: 'org.medianet.dcn-te-leaf'>, thirftPort='48001'), fabric_device_config=FabricDeviceConfig(my_station_mac='00:bb:00:00:00:01', switch_type=<SwitchType.LEAF: 'Leaf'>, switch_host_subnet_prefix='2001:1:1:1:0:0000:0001:00/112'))
[02-01 17:46:38] p51284 {/home/deba/Desktop/CLB/P4Runtime/leafSwitchUtils.py:136} INFO - command is: set_queue_depth 900 8

[02-01 17:46:39] p51284 {Mycontroller.py:159} INFO - Setting up Queue rate for all switch. This is equavalent to setup line rate setup in bmv2 devices
[02-01 17:46:40] p51284 {/home/deba/Desktop/CLB/P4Runtime/leafSwitchUtils.py:135} INFO - Executing queuerate and depth setup commmand for device Device(devName='device:p0l2', basic=DeviceBasic(management_address='grpc://127.0.0.1:60002?device_id=1', driver=<Driver.BMV2: 'bmv2'>, pipeconf=<Pipeconf.ORG_MEDIANET_DCN_TE_LEAF: 'org.medianet.dcn-te-leaf'>, thirftPort='48002'), fabric_device_config=FabricDeviceConfig(my_station_mac='00:bb:00:00:00:02', switch_type=<SwitchType.LEAF: 'Leaf'>, switch_host_subnet_prefix='2001:1:1:1:0:0000:0002:00/112'))
[02-01 17:46:40] p51284 {/home/deba/Desktop/CLB/P4Runtime/leafSwitchUtils.py:136} INFO - command is: set_queue_depth 900 8

[02-01 17:46:41] p51284 {Mycontroller.py:159} INFO - Setting up Queue rate for all switch. This is equavalent to setup line rate setup in bmv2 devices
[02-01 17:46:42] p51284 {/home/deba/Desktop/CLB/P4Runtime/leafSwitchUtils.py:135} INFO - Executing queuerate and depth setup commmand for device Device(devName='device:p0l3', basic=DeviceBasic(management_address='grpc://127.0.0.1:60003?device_id=1', driver=<Driver.BMV2: 'bmv2'>, pipeconf=<Pipeconf.ORG_MEDIANET_DCN_TE_LEAF: 'org.medianet.dcn-te-leaf'>, thirftPort='48003'), fabric_device_config=FabricDeviceConfig(my_station_mac='00:bb:00:00:00:03', switch_type=<SwitchType.LEAF: 'Leaf'>, switch_host_subnet_prefix='2001:1:1:1:0:0000:0003:00/112'))
[02-01 17:46:42] p51284 {/home/deba/Desktop/CLB/P4Runtime/leafSwitchUtils.py:136} INFO - command is: set_queue_depth 900 8

[02-01 17:46:43] p51284 {/home/deba/Desktop/CLB/P4Runtime/StatisticsPuller.py:47} INFO - Main    : before running thread
[02-01 17:46:43] p51284 {/home/deba/Desktop/CLB/P4Runtime/StatisticsPuller.py:54} INFO - Thread StatisticsPuller: starting
[02-01 17:46:43] p51284 {/home/deba/Desktop/CLB/P4Runtime/StatisticsPuller.py:49} INFO - StatisticsPuller thread started
[02-01 17:46:43] p51284 {/home/deba/Desktop/CLB/DistributedAlgorithms/LoadBalancer.py:79} INFO - Thread load_balancer_config_thread_function: starting
[02-01 17:46:43] p51284 {/home/deba/Desktop/CLB/DistributedAlgorithms/LoadBalancer.py:47} INFO - load_balancer_config_thread_function thread started
